[19:49:02.362] Global cache location '/home/gjones/.cache/typescript/4.3', safe file path '/usr/lib64/node_modules/typescript/lib/typingSafeList.json', types map path /usr/lib64/node_modules/typescript/lib/typesMap.json
[19:49:02.364] Processing cache location '/home/gjones/.cache/typescript/4.3'
[19:49:02.364] Trying to find '/home/gjones/.cache/typescript/4.3/package.json'...
[19:49:02.369] Loaded content of '/home/gjones/.cache/typescript/4.3/package.json': {"private":true,"dependencies":{"types-registry":"^0.1.551"},"devDependencies":{"@types/assert-plus":"^1.0.4","@types/atob":"^2.1.2","@types/aws4":"^1.5.1","@types/bcryptjs":"^2.4.2","@types/blessed":"^0.1.17","@types/bluebird":"^3.5.35","@types/bresenham":"^0.0.0","@types/browserify":"^12.0.36","@types/buffer-equal":"^1.0.0","@types/caseless":"^0.12.2","@types/cli-color":"^2.0.0","@types/color-name":"^1.1.1","@types/combined-stream":"^1.0.2","@types/concurrently":"^6.2.0","@types/crypto-js":"^4.0.1","@types/debug":"^4.1.6","@types/eslint":"^7.2.13","@types/eslint-config-prettier":"^6.11.0","@types/extend":"^3.0.1","@types/forever-agent":"^0.6.0","@types/function-bind":"^1.1.6","@types/got":"^9.6.11","@types/is-typedarray":"^1.0.0","@types/isstream":"^0.1.0","@types/json-stringify-safe":"^5.0.0","@types/karma":"^6.3.0","@types/karma-browserify":"^7.0.0","@types/karma-coverage":"^2.0.0","@types/lodash":"^4.14.170","@types/mime-db":"^1.43.0","@types/mime-types":"^2.1.0","@types/nodemon":"^1.19.0","@types/npm":"^2.0.31","@types/pg":"^8.6.0","@types/prettier":"^2.3.1","@types/pretty-quick":"^2.0.1","@types/qs":"^6.9.6","@types/registry-auth-token":"^4.2.0","@types/request":"^2.48.5","@types/rimraf":"^3.0.0","@types/semver":"^7.3.6","@types/server-destroy":"^1.0.1","@types/sprintf":"^0.1.0","@types/sshpk":"^1.10.5","@types/standard-version":"^7.0.1","@types/tape":"^4.13.0","@types/tough-cookie":"^4.0.0","@types/uuid":"^8.3.0","@types/xo":"^0.39.0"}}
[19:49:02.369] Loaded content of '/home/gjones/.cache/typescript/4.3/package-lock.json'
[19:49:02.386] Adding entry into typings cache: 'assert-plus' => '/home/gjones/.cache/typescript/4.3/node_modules/@types/assert-plus/index.d.ts'
[19:49:02.391] Adding entry into typings cache: 'atob' => '/home/gjones/.cache/typescript/4.3/node_modules/@types/atob/index.d.ts'
[19:49:02.394] Adding entry into typings cache: 'aws4' => '/home/gjones/.cache/typescript/4.3/node_modules/@types/aws4/index.d.ts'
[19:49:02.398] Adding entry into typings cache: 'bcryptjs' => '/home/gjones/.cache/typescript/4.3/node_modules/@types/bcryptjs/index.d.ts'
[19:49:02.401] Adding entry into typings cache: 'blessed' => '/home/gjones/.cache/typescript/4.3/node_modules/@types/blessed/index.d.ts'
[19:49:02.406] Adding entry into typings cache: 'bluebird' => '/home/gjones/.cache/typescript/4.3/node_modules/@types/bluebird/index.d.ts'
[19:49:02.412] Adding entry into typings cache: 'bresenham' => '/home/gjones/.cache/typescript/4.3/node_modules/@types/bresenham/index.d.ts'
[19:49:02.415] Adding entry into typings cache: 'browserify' => '/home/gjones/.cache/typescript/4.3/node_modules/@types/browserify/index.d.ts'
[19:49:02.417] Adding entry into typings cache: 'buffer-equal' => '/home/gjones/.cache/typescript/4.3/node_modules/@types/buffer-equal/index.d.ts'
[19:49:02.423] Adding entry into typings cache: 'caseless' => '/home/gjones/.cache/typescript/4.3/node_modules/@types/caseless/index.d.ts'
[19:49:02.428] Adding entry into typings cache: 'cli-color' => '/home/gjones/.cache/typescript/4.3/node_modules/@types/cli-color/index.d.ts'
[19:49:02.435] Adding entry into typings cache: 'color-name' => '/home/gjones/.cache/typescript/4.3/node_modules/@types/color-name/index.d.ts'
[19:49:02.439] Adding entry into typings cache: 'combined-stream' => '/home/gjones/.cache/typescript/4.3/node_modules/@types/combined-stream/index.d.ts'
[19:49:02.445] Adding entry into typings cache: 'concurrently' => '/home/gjones/.cache/typescript/4.3/node_modules/@types/concurrently/index.d.ts'
[19:49:02.448] Adding entry into typings cache: 'crypto-js' => '/home/gjones/.cache/typescript/4.3/node_modules/@types/crypto-js/index.d.ts'
[19:49:02.457] Adding entry into typings cache: 'debug' => '/home/gjones/.cache/typescript/4.3/node_modules/@types/debug/index.d.ts'
[19:49:02.461] Adding entry into typings cache: 'eslint' => '/home/gjones/.cache/typescript/4.3/node_modules/@types/eslint/index.d.ts'
[19:49:02.463] Adding entry into typings cache: 'eslint-config-prettier' => '/home/gjones/.cache/typescript/4.3/node_modules/@types/eslint-config-prettier/index.d.ts'
[19:49:02.465] Adding entry into typings cache: 'extend' => '/home/gjones/.cache/typescript/4.3/node_modules/@types/extend/index.d.ts'
[19:49:02.467] Adding entry into typings cache: 'forever-agent' => '/home/gjones/.cache/typescript/4.3/node_modules/@types/forever-agent/index.d.ts'
[19:49:02.469] Adding entry into typings cache: 'function-bind' => '/home/gjones/.cache/typescript/4.3/node_modules/@types/function-bind/index.d.ts'
[19:49:02.471] Adding entry into typings cache: 'got' => '/home/gjones/.cache/typescript/4.3/node_modules/@types/got/index.d.ts'
[19:49:02.473] Adding entry into typings cache: 'is-typedarray' => '/home/gjones/.cache/typescript/4.3/node_modules/@types/is-typedarray/index.d.ts'
[19:49:02.475] Adding entry into typings cache: 'isstream' => '/home/gjones/.cache/typescript/4.3/node_modules/@types/isstream/index.d.ts'
[19:49:02.477] Adding entry into typings cache: 'json-stringify-safe' => '/home/gjones/.cache/typescript/4.3/node_modules/@types/json-stringify-safe/index.d.ts'
[19:49:02.480] Adding entry into typings cache: 'karma' => '/home/gjones/.cache/typescript/4.3/node_modules/@types/karma/index.d.ts'
[19:49:02.483] Adding entry into typings cache: 'karma-browserify' => '/home/gjones/.cache/typescript/4.3/node_modules/@types/karma-browserify/index.d.ts'
[19:49:02.484] Adding entry into typings cache: 'karma-coverage' => '/home/gjones/.cache/typescript/4.3/node_modules/@types/karma-coverage/index.d.ts'
[19:49:02.488] Adding entry into typings cache: 'lodash' => '/home/gjones/.cache/typescript/4.3/node_modules/@types/lodash/index.d.ts'
[19:49:02.493] Adding entry into typings cache: 'mime-db' => '/home/gjones/.cache/typescript/4.3/node_modules/@types/mime-db/index.d.ts'
[19:49:02.499] Adding entry into typings cache: 'mime-types' => '/home/gjones/.cache/typescript/4.3/node_modules/@types/mime-types/index.d.ts'
[19:49:02.502] Adding entry into typings cache: 'nodemon' => '/home/gjones/.cache/typescript/4.3/node_modules/@types/nodemon/index.d.ts'
[19:49:02.505] Adding entry into typings cache: 'npm' => '/home/gjones/.cache/typescript/4.3/node_modules/@types/npm/index.d.ts'
[19:49:02.507] Adding entry into typings cache: 'pg' => '/home/gjones/.cache/typescript/4.3/node_modules/@types/pg/index.d.ts'
[19:49:02.508] Adding entry into typings cache: 'prettier' => '/home/gjones/.cache/typescript/4.3/node_modules/@types/prettier/index.d.ts'
[19:49:02.510] Adding entry into typings cache: 'pretty-quick' => '/home/gjones/.cache/typescript/4.3/node_modules/@types/pretty-quick/index.d.ts'
[19:49:02.513] Adding entry into typings cache: 'qs' => '/home/gjones/.cache/typescript/4.3/node_modules/@types/qs/index.d.ts'
[19:49:02.515] Adding entry into typings cache: 'registry-auth-token' => '/home/gjones/.cache/typescript/4.3/node_modules/@types/registry-auth-token/index.d.ts'
[19:49:02.522] Adding entry into typings cache: 'request' => '/home/gjones/.cache/typescript/4.3/node_modules/@types/request/index.d.ts'
[19:49:02.525] Adding entry into typings cache: 'rimraf' => '/home/gjones/.cache/typescript/4.3/node_modules/@types/rimraf/index.d.ts'
[19:49:02.527] Adding entry into typings cache: 'semver' => '/home/gjones/.cache/typescript/4.3/node_modules/@types/semver/index.d.ts'
[19:49:02.529] Adding entry into typings cache: 'server-destroy' => '/home/gjones/.cache/typescript/4.3/node_modules/@types/server-destroy/index.d.ts'
[19:49:02.530] Adding entry into typings cache: 'sprintf' => '/home/gjones/.cache/typescript/4.3/node_modules/@types/sprintf/index.d.ts'
[19:49:02.531] Adding entry into typings cache: 'sshpk' => '/home/gjones/.cache/typescript/4.3/node_modules/@types/sshpk/index.d.ts'
[19:49:02.533] Adding entry into typings cache: 'standard-version' => '/home/gjones/.cache/typescript/4.3/node_modules/@types/standard-version/index.d.ts'
[19:49:02.535] Adding entry into typings cache: 'tape' => '/home/gjones/.cache/typescript/4.3/node_modules/@types/tape/index.d.ts'
[19:49:02.536] Adding entry into typings cache: 'tough-cookie' => '/home/gjones/.cache/typescript/4.3/node_modules/@types/tough-cookie/index.d.ts'
[19:49:02.538] Adding entry into typings cache: 'uuid' => '/home/gjones/.cache/typescript/4.3/node_modules/@types/uuid/index.d.ts'
[19:49:02.539] Adding entry into typings cache: 'xo' => '/home/gjones/.cache/typescript/4.3/node_modules/@types/xo/index.d.ts'
[19:49:02.539] Finished processing cache location '/home/gjones/.cache/typescript/4.3'
[19:49:02.539] Process id: 831
[19:49:02.539] NPM location: /usr/bin/npm (explicit '--npmLocation' not  provided)
[19:49:02.539] validateDefaultNpmLocation: false
[19:49:02.540] Npm config file: /home/gjones/.cache/typescript/4.3/package.json
[19:49:02.540] Updating types-registry npm package...
[19:49:02.540] Exec: /usr/bin/npm install --ignore-scripts types-registry@latest
[19:49:05.027]     Succeeded. stdout:
    + types-registry@0.1.561
    updated 1 package and audited 86 packages in 1.165s
found 0 vulnerabilities


[19:49:05.027] Updated types-registry npm package
[19:49:05.055] Got install request {"projectName":"/dev/null/inferredProject1*","fileNames":["/usr/lib64/node_modules/typescript/lib/lib.es5.d.ts","/usr/lib64/node_modules/typescript/lib/lib.es2015.d.ts","/usr/lib64/node_modules/typescript/lib/lib.es2016.d.ts","/usr/lib64/node_modules/typescript/lib/lib.dom.d.ts","/usr/lib64/node_modules/typescript/lib/lib.dom.iterable.d.ts","/usr/lib64/node_modules/typescript/lib/lib.webworker.importscripts.d.ts","/usr/lib64/node_modules/typescript/lib/lib.scripthost.d.ts","/usr/lib64/node_modules/typescript/lib/lib.es2015.core.d.ts","/usr/lib64/node_modules/typescript/lib/lib.es2015.collection.d.ts","/usr/lib64/node_modules/typescript/lib/lib.es2015.generator.d.ts","/usr/lib64/node_modules/typescript/lib/lib.es2015.iterable.d.ts","/usr/lib64/node_modules/typescript/lib/lib.es2015.promise.d.ts","/usr/lib64/node_modules/typescript/lib/lib.es2015.proxy.d.ts","/usr/lib64/node_modules/typescript/lib/lib.es2015.reflect.d.ts","/usr/lib64/node_modules/typescript/lib/lib.es2015.symbol.d.ts","/usr/lib64/node_modules/typescript/lib/lib.es2015.symbol.wellknown.d.ts","/usr/lib64/node_modules/typescript/lib/lib.es2016.array.include.d.ts","/usr/lib64/node_modules/typescript/lib/lib.es2016.full.d.ts","/home/gjones/src/github/alloy-www/public/javascripts/main.js"],"compilerOptions":{"module":1,"target":3,"jsx":1,"allowJs":true,"allowSyntheticDefaultImports":true,"allowNonTsExtensions":true,"noEmitForJsFiles":true,"maxNodeModuleJsDepth":2},"typeAcquisition":{"enable":true,"include":[],"exclude":[]},"unresolvedImports":[],"projectRootPath":"/home/gjones/src/github/alloy-www/public/javascripts","kind":"discover"}
[19:49:05.077] Loaded safelist from types map file '/usr/lib64/node_modules/typescript/lib/typesMap.json'
[19:49:05.078] Explicitly included types: []
[19:49:05.078] Inferred typings from unresolved imports: []
[19:49:05.079] Result: {"cachedTypingPaths":[],"newTypingNames":[],"filesToWatch":["/home/gjones/src/github/alloy-www/public/javascripts/bower_components","/home/gjones/src/github/alloy-www/public/javascripts/node_modules"]}
[19:49:05.079] Finished typings discovery: {"cachedTypingPaths":[],"newTypingNames":[],"filesToWatch":["/home/gjones/src/github/alloy-www/public/javascripts/bower_components","/home/gjones/src/github/alloy-www/public/javascripts/node_modules"]}
[19:49:05.079] DirectoryWatcher:: Added:: WatchInfo: /home/gjones/src/github/alloy-www/public/javascripts/bower_components
[19:49:05.079] DirectoryWatcher:: Added:: WatchInfo: /home/gjones/src/github/alloy-www/public/javascripts/bower_components 1 undefined Project: /dev/null/inferredProject1* watcher already invoked: false
[19:49:05.083] Elapsed:: 3.915490984916687ms DirectoryWatcher:: Added:: WatchInfo: /home/gjones/src/github/alloy-www/public/javascripts/bower_components 1 undefined Project: /dev/null/inferredProject1* watcher already invoked: false
[19:49:05.083] DirectoryWatcher:: Added:: WatchInfo: /home/gjones/src/github/alloy-www/public/javascripts/node_modules
[19:49:05.084] DirectoryWatcher:: Added:: WatchInfo: /home/gjones/src/github/alloy-www/public/javascripts/node_modules 1 undefined Project: /dev/null/inferredProject1* watcher already invoked: false
[19:49:05.084] Elapsed:: 0.15550097823143005ms DirectoryWatcher:: Added:: WatchInfo: /home/gjones/src/github/alloy-www/public/javascripts/node_modules 1 undefined Project: /dev/null/inferredProject1* watcher already invoked: false
[19:49:05.084] Sending response:
    {"projectName":"/dev/null/inferredProject1*","typeAcquisition":{"enable":true,"include":[],"exclude":[]},"compilerOptions":{"module":1,"target":3,"jsx":1,"allowJs":true,"allowSyntheticDefaultImports":true,"allowNonTsExtensions":true,"noEmitForJsFiles":true,"maxNodeModuleJsDepth":2},"typings":[],"unresolvedImports":[],"kind":"action::set"}
[19:49:05.085] Response has been sent.
[19:49:05.085] No new typings were requested as a result of typings discovery
[19:49:29.167] Got install request {"projectName":"/dev/null/inferredProject1*","fileNames":["/usr/lib64/node_modules/typescript/lib/lib.es5.d.ts","/usr/lib64/node_modules/typescript/lib/lib.es2015.d.ts","/usr/lib64/node_modules/typescript/lib/lib.es2016.d.ts","/usr/lib64/node_modules/typescript/lib/lib.dom.d.ts","/usr/lib64/node_modules/typescript/lib/lib.dom.iterable.d.ts","/usr/lib64/node_modules/typescript/lib/lib.webworker.importscripts.d.ts","/usr/lib64/node_modules/typescript/lib/lib.scripthost.d.ts","/usr/lib64/node_modules/typescript/lib/lib.es2015.core.d.ts","/usr/lib64/node_modules/typescript/lib/lib.es2015.collection.d.ts","/usr/lib64/node_modules/typescript/lib/lib.es2015.generator.d.ts","/usr/lib64/node_modules/typescript/lib/lib.es2015.iterable.d.ts","/usr/lib64/node_modules/typescript/lib/lib.es2015.promise.d.ts","/usr/lib64/node_modules/typescript/lib/lib.es2015.proxy.d.ts","/usr/lib64/node_modules/typescript/lib/lib.es2015.reflect.d.ts","/usr/lib64/node_modules/typescript/lib/lib.es2015.symbol.d.ts","/usr/lib64/node_modules/typescript/lib/lib.es2015.symbol.wellknown.d.ts","/usr/lib64/node_modules/typescript/lib/lib.es2016.array.include.d.ts","/usr/lib64/node_modules/typescript/lib/lib.es2016.full.d.ts","/home/gjones/src/github/alloy-www/public/javascripts/main-orig.js"],"compilerOptions":{"module":1,"target":3,"jsx":1,"allowJs":true,"allowSyntheticDefaultImports":true,"allowNonTsExtensions":true,"noEmitForJsFiles":true,"maxNodeModuleJsDepth":2},"typeAcquisition":{"enable":true,"include":[],"exclude":[]},"unresolvedImports":[],"projectRootPath":"/home/gjones/src/github/alloy-www/public/javascripts","kind":"discover"}
[19:49:29.168] Explicitly included types: []
[19:49:29.168] Inferred typings from unresolved imports: []
[19:49:29.168] Result: {"cachedTypingPaths":[],"newTypingNames":[],"filesToWatch":["/home/gjones/src/github/alloy-www/public/javascripts/bower_components","/home/gjones/src/github/alloy-www/public/javascripts/node_modules"]}
[19:49:29.168] Finished typings discovery: {"cachedTypingPaths":[],"newTypingNames":[],"filesToWatch":["/home/gjones/src/github/alloy-www/public/javascripts/bower_components","/home/gjones/src/github/alloy-www/public/javascripts/node_modules"]}
[19:49:29.169] Sending response:
    {"projectName":"/dev/null/inferredProject1*","typeAcquisition":{"enable":true,"include":[],"exclude":[]},"compilerOptions":{"module":1,"target":3,"jsx":1,"allowJs":true,"allowSyntheticDefaultImports":true,"allowNonTsExtensions":true,"noEmitForJsFiles":true,"maxNodeModuleJsDepth":2},"typings":[],"unresolvedImports":[],"kind":"action::set"}
[19:49:29.169] Response has been sent.
[19:49:29.169] No new typings were requested as a result of typings discovery
[19:54:51.876] Got install request {"projectName":"/dev/null/inferredProject2*","fileNames":["/usr/lib64/node_modules/typescript/lib/lib.es5.d.ts","/usr/lib64/node_modules/typescript/lib/lib.es2015.d.ts","/usr/lib64/node_modules/typescript/lib/lib.es2016.d.ts","/usr/lib64/node_modules/typescript/lib/lib.dom.d.ts","/usr/lib64/node_modules/typescript/lib/lib.dom.iterable.d.ts","/usr/lib64/node_modules/typescript/lib/lib.webworker.importscripts.d.ts","/usr/lib64/node_modules/typescript/lib/lib.scripthost.d.ts","/usr/lib64/node_modules/typescript/lib/lib.es2015.core.d.ts","/usr/lib64/node_modules/typescript/lib/lib.es2015.collection.d.ts","/usr/lib64/node_modules/typescript/lib/lib.es2015.generator.d.ts","/usr/lib64/node_modules/typescript/lib/lib.es2015.iterable.d.ts","/usr/lib64/node_modules/typescript/lib/lib.es2015.promise.d.ts","/usr/lib64/node_modules/typescript/lib/lib.es2015.proxy.d.ts","/usr/lib64/node_modules/typescript/lib/lib.es2015.reflect.d.ts","/usr/lib64/node_modules/typescript/lib/lib.es2015.symbol.d.ts","/usr/lib64/node_modules/typescript/lib/lib.es2015.symbol.wellknown.d.ts","/usr/lib64/node_modules/typescript/lib/lib.es2016.array.include.d.ts","/usr/lib64/node_modules/typescript/lib/lib.es2016.full.d.ts","/home/gjones/src/github/alloy-www/target/web/classes/main/META-INF/resources/webjars/alloy/1.0-SNAPSHOT/javascripts/main.js"],"compilerOptions":{"module":1,"target":3,"jsx":1,"allowJs":true,"allowSyntheticDefaultImports":true,"allowNonTsExtensions":true,"noEmitForJsFiles":true,"maxNodeModuleJsDepth":2},"typeAcquisition":{"enable":true,"include":[],"exclude":[]},"unresolvedImports":[],"projectRootPath":"/home/gjones/src/github/alloy-www/target/web/classes/main/META-INF/resources/webjars/alloy/1.0-SNAPSHOT/javascripts","kind":"discover"}
[19:54:51.877] Explicitly included types: []
[19:54:51.877] Inferred typings from unresolved imports: []
[19:54:51.877] Result: {"cachedTypingPaths":[],"newTypingNames":[],"filesToWatch":["/home/gjones/src/github/alloy-www/target/web/classes/main/META-INF/resources/webjars/alloy/1.0-SNAPSHOT/javascripts/bower_components","/home/gjones/src/github/alloy-www/target/web/classes/main/META-INF/resources/webjars/alloy/1.0-SNAPSHOT/javascripts/node_modules"]}
[19:54:51.877] Finished typings discovery: {"cachedTypingPaths":[],"newTypingNames":[],"filesToWatch":["/home/gjones/src/github/alloy-www/target/web/classes/main/META-INF/resources/webjars/alloy/1.0-SNAPSHOT/javascripts/bower_components","/home/gjones/src/github/alloy-www/target/web/classes/main/META-INF/resources/webjars/alloy/1.0-SNAPSHOT/javascripts/node_modules"]}
[19:54:51.877] DirectoryWatcher:: Added:: WatchInfo: /home/gjones/src/github/alloy-www/target/web/classes/main/META-INF/resources/webjars/alloy/1.0-SNAPSHOT/javascripts/bower_components
[19:54:51.877] DirectoryWatcher:: Added:: WatchInfo: /home/gjones/src/github/alloy-www/target/web/classes/main/META-INF/resources/webjars/alloy/1.0-SNAPSHOT/javascripts/bower_components 1 undefined Project: /dev/null/inferredProject2* watcher already invoked: false
[19:54:51.878] Elapsed:: 0.239437997341156ms DirectoryWatcher:: Added:: WatchInfo: /home/gjones/src/github/alloy-www/target/web/classes/main/META-INF/resources/webjars/alloy/1.0-SNAPSHOT/javascripts/bower_components 1 undefined Project: /dev/null/inferredProject2* watcher already invoked: false
[19:54:51.878] DirectoryWatcher:: Added:: WatchInfo: /home/gjones/src/github/alloy-www/target/web/classes/main/META-INF/resources/webjars/alloy/1.0-SNAPSHOT/javascripts/node_modules
[19:54:51.878] DirectoryWatcher:: Added:: WatchInfo: /home/gjones/src/github/alloy-www/target/web/classes/main/META-INF/resources/webjars/alloy/1.0-SNAPSHOT/javascripts/node_modules 1 undefined Project: /dev/null/inferredProject2* watcher already invoked: false
[19:54:51.878] Elapsed:: 0.12039598822593689ms DirectoryWatcher:: Added:: WatchInfo: /home/gjones/src/github/alloy-www/target/web/classes/main/META-INF/resources/webjars/alloy/1.0-SNAPSHOT/javascripts/node_modules 1 undefined Project: /dev/null/inferredProject2* watcher already invoked: false
[19:54:51.878] Sending response:
    {"projectName":"/dev/null/inferredProject2*","typeAcquisition":{"enable":true,"include":[],"exclude":[]},"compilerOptions":{"module":1,"target":3,"jsx":1,"allowJs":true,"allowSyntheticDefaultImports":true,"allowNonTsExtensions":true,"noEmitForJsFiles":true,"maxNodeModuleJsDepth":2},"typings":[],"unresolvedImports":[],"kind":"action::set"}
[19:54:51.878] Response has been sent.
[19:54:51.878] No new typings were requested as a result of typings discovery
[19:56:09.177] Got install request {"projectName":"/dev/null/inferredProject3*","fileNames":["/usr/lib64/node_modules/typescript/lib/lib.es5.d.ts","/usr/lib64/node_modules/typescript/lib/lib.es2015.d.ts","/usr/lib64/node_modules/typescript/lib/lib.es2016.d.ts","/usr/lib64/node_modules/typescript/lib/lib.dom.d.ts","/usr/lib64/node_modules/typescript/lib/lib.dom.iterable.d.ts","/usr/lib64/node_modules/typescript/lib/lib.webworker.importscripts.d.ts","/usr/lib64/node_modules/typescript/lib/lib.scripthost.d.ts","/usr/lib64/node_modules/typescript/lib/lib.es2015.core.d.ts","/usr/lib64/node_modules/typescript/lib/lib.es2015.collection.d.ts","/usr/lib64/node_modules/typescript/lib/lib.es2015.generator.d.ts","/usr/lib64/node_modules/typescript/lib/lib.es2015.iterable.d.ts","/usr/lib64/node_modules/typescript/lib/lib.es2015.promise.d.ts","/usr/lib64/node_modules/typescript/lib/lib.es2015.proxy.d.ts","/usr/lib64/node_modules/typescript/lib/lib.es2015.reflect.d.ts","/usr/lib64/node_modules/typescript/lib/lib.es2015.symbol.d.ts","/usr/lib64/node_modules/typescript/lib/lib.es2015.symbol.wellknown.d.ts","/usr/lib64/node_modules/typescript/lib/lib.es2016.array.include.d.ts","/usr/lib64/node_modules/typescript/lib/lib.es2016.full.d.ts","/home/gjones/src/github/alloy-www/target/web/coffeescript/main/javascripts/main.js"],"compilerOptions":{"module":1,"target":3,"jsx":1,"allowJs":true,"allowSyntheticDefaultImports":true,"allowNonTsExtensions":true,"noEmitForJsFiles":true,"maxNodeModuleJsDepth":2},"typeAcquisition":{"enable":true,"include":[],"exclude":[]},"unresolvedImports":[],"projectRootPath":"/home/gjones/src/github/alloy-www/target/web/coffeescript/main/javascripts","kind":"discover"}
[19:56:09.177] Explicitly included types: []
[19:56:09.178] Inferred typings from unresolved imports: []
[19:56:09.178] Result: {"cachedTypingPaths":[],"newTypingNames":[],"filesToWatch":["/home/gjones/src/github/alloy-www/target/web/coffeescript/main/javascripts/bower_components","/home/gjones/src/github/alloy-www/target/web/coffeescript/main/javascripts/node_modules"]}
[19:56:09.178] Finished typings discovery: {"cachedTypingPaths":[],"newTypingNames":[],"filesToWatch":["/home/gjones/src/github/alloy-www/target/web/coffeescript/main/javascripts/bower_components","/home/gjones/src/github/alloy-www/target/web/coffeescript/main/javascripts/node_modules"]}
[19:56:09.178] DirectoryWatcher:: Added:: WatchInfo: /home/gjones/src/github/alloy-www/target/web/coffeescript/main/javascripts/bower_components
[19:56:09.178] DirectoryWatcher:: Added:: WatchInfo: /home/gjones/src/github/alloy-www/target/web/coffeescript/main/javascripts/bower_components 1 undefined Project: /dev/null/inferredProject3* watcher already invoked: false
[19:56:09.178] Elapsed:: 0.22479099035263062ms DirectoryWatcher:: Added:: WatchInfo: /home/gjones/src/github/alloy-www/target/web/coffeescript/main/javascripts/bower_components 1 undefined Project: /dev/null/inferredProject3* watcher already invoked: false
[19:56:09.178] DirectoryWatcher:: Added:: WatchInfo: /home/gjones/src/github/alloy-www/target/web/coffeescript/main/javascripts/node_modules
[19:56:09.178] DirectoryWatcher:: Added:: WatchInfo: /home/gjones/src/github/alloy-www/target/web/coffeescript/main/javascripts/node_modules 1 undefined Project: /dev/null/inferredProject3* watcher already invoked: false
[19:56:09.178] Elapsed:: 0.10843399167060852ms DirectoryWatcher:: Added:: WatchInfo: /home/gjones/src/github/alloy-www/target/web/coffeescript/main/javascripts/node_modules 1 undefined Project: /dev/null/inferredProject3* watcher already invoked: false
[19:56:09.178] Sending response:
    {"projectName":"/dev/null/inferredProject3*","typeAcquisition":{"enable":true,"include":[],"exclude":[]},"compilerOptions":{"module":1,"target":3,"jsx":1,"allowJs":true,"allowSyntheticDefaultImports":true,"allowNonTsExtensions":true,"noEmitForJsFiles":true,"maxNodeModuleJsDepth":2},"typings":[],"unresolvedImports":[],"kind":"action::set"}
[19:56:09.178] Response has been sent.
[19:56:09.178] No new typings were requested as a result of typings discovery
